---------------------------------------------------------------
固件版本号
系列:x.x.x

型号版本号
系列:x.x
---------------------------------------------------------------

主固件号,次固件号开始,次固件号结束,0/1,反馈开始地址,反馈结束地址,预留,
左曲线显示比例(4096/n),速度曲线显示比例(n/10),目标位置,扭矩开关,预留,预留
[调试]
25,0,19,1,170,185,0,4,100,162,160,0,0
25,20,59,0,170,185,0,1,100,162,160,0,0
25,60,60,1,70,85,0,4,100,65,60,0,0
[调试结束]

-----------------------------------------------------------------

主型号,0,0,0/1
[型号]
52,0,0,1,3.4(FT19)
145,0,0,0,9.1(FT19-360)
146,0,0,0,9.2(FT19-360)
128,0,0,0,8.0(FT19BL-360)
53,0,0,1,3.4(FT19-FSMC)
[型号结束]

-----------------------------------------------------------------
主固件号,次固件号开始,次固件号结束
地址,内存名,字节数,初值,方向位,EPROM/SRAM,r/rw/d,最小值,最大值

1.9版本
[内存]
25,0,59,255
100,Servo Main Version,1, ,-1,EPROM,r,-1,-1
101,Firmware Secondary Version,1, ,-1,EPROM,r,-1,-1
102,Firmare Main Version,1, ,-1,EPROM,r,-1,-1
114,Protection torque,1,40,-1,EPROM,rw,0,254
115,Protection time,1,80,-1,EPROM,rw,0,254
118,Max Torque Limit,2,1000,-1,EPROM,rw,0,1000
130,Maximum input signal,2,2500,-1,EPROM,rw,0,2500
132,Minimum input signal,2,500,-1,EPROM,rw,0,2500
140,Maximum temperature limit,1,0,-1,EPROM,rw,0,254
142,Signal adjustment,1,0,-2,EPROM,rw,-127,127
144,motor P Gain,1,0,-1,EPROM,rw,0,254
145,motor Acceleration(x4),1,0,-1,EPROM,rw,0,254
146,motor Signal deadband,1,0,-1,EPROM,rw,0,254
147,motor Punch,1,0,-1,EPROM,rw,0,254
161,Lock,1,0,-1,SRAM,rw,0,254
178,Present Temperature,1,0,-1,SRAM,r,-1,-1
NULL,NULL,NULL,NULL,NULL,NULL,NULL
[内存结束]


1.9-FSMC版本
[内存]
25,60,60,255
0,Servo Main Version,1, ,-1,EPROM,r,-1,-1
1,Firmware Secondary Version,1, ,-1,EPROM,r,-1,-1
2,Firmare Main Version,1, ,-1,EPROM,r,-1,-1
41,time x1,2,0,-1,EPROM,rw,0,65535
43,time x2,2,0,-1,EPROM,rw,0,65535
45,time x3,2,0,-1,EPROM,rw,0,65535
47,time x4,2,0,-1,EPROM,rw,0,65535
49,time x5,2,0,-1,EPROM,rw,0,65535
51,time y1,2,0,-1,EPROM,rw,0,65535
53,position p1,2,0,-1,EPROM,rw,0,65535
55,position p2,2,0,-1,EPROM,rw,0,65535
57,position p3,2,0,-1,EPROM,rw,0,65535
61,Lock,1,0,-1,SRAM,rw,0,254
86,stop time,1,0,-1,EPROM1,rw,0,254
NULL,NULL,NULL,NULL,NULL,NULL,NULL
[内存结束]

