---------------------------------------------------------------
固件版本号
系列:x.x.x

型号版本号
系列:x.x
---------------------------------------------------------------

主固件号,次固件号开始,次固件号结束,0/1,反馈开始地址,反馈结束地址,预留,
左曲线显示比例(4096/n),速度曲线显示比例(n/10),目标位置,扭矩开关,预留,预留
[调试]
23,0,255,1,59,63,0,4,100,55,50,0,0
24,0,255,1,59,63,0,4,100,55,50,0,0
25,0,19,1,170,185,0,4,100,162,160,0,0
25,20,59,0,170,185,0,1,100,162,160,0,0
25,60,60,1,70,85,0,4,100,65,60,0,0
34,0,255,0,59,63,0,4,100,55,50,0,0
48,0,19,0,70,83,0,1,50,62,60,0,0
[调试结束]

-----------------------------------------------------------------

主型号,0,0,0/1
[型号]
49,0,0,1,3.1(FT17)
50,0,0,1,3.2(FT18)
64,0,0,0,4.0(FT21)
51,0,0,0,3.3(FT22)
52,0,0,1,3.4(FT19)
53,0,0,1,3.4(FT19-FSMC)
112,0,0,0,7.0(FT30)
113,0,0,0,7.1(FT31)
145,0,0,0,9.1(FT19-360)
146,0,0,0,9.2(FT19-360)
128,0,0,0,8.0(FT19BL-360)
115,0,0,0,7.3(FT19BL)
[型号结束]

-----------------------------------------------------------------
主固件号,次固件号开始,次固件号结束
地址,内存名,字节数,初值,方向位,EPROM/SRAM,只读/读写,最小值,最大值

2.1版本
[内存]
33,0,255,255
0,舵机主版本号,1, ,-1,EPROM,只读,-1,-1
1,固件次版本号,1, ,-1,EPROM,只读,-1,-1
2,固件主版本号,1, ,-1,EPROM,只读,-1,-1
3,ID,1,1,-1,EPROM,读写,0,253
6,采样时间,1,0,-1,EPROM,读写,0,254
7,加速度,1,0,-1,EPROM,读写,0,254
9,死区,1,5,-1,EPROM,读写,0,32
11,P 比例系数,1,32,-1,EPROM,读写,0,254
13,D 微分系数,1,0,-1,EPROM,读写,0,254
14,HYS 滞环,1,0,-1,EPROM,读写,0,254
17,启动扭矩,2,0,-1,EPROM,读写,0,1023
19,最大扭矩,2,1000,-1,EPROM,读写,0,1023
21,运行模式,1,0,-1,EPROM,读写,0,5
24,最小角度限制,2,0,-1,EPROM,读写,0,4095
26,最大角度限制,2,4095,-1,EPROM,读写,0,4095
30,失控保护位置,2,2048,-1,EPROM,读写,0,4095
32,方向系数,1,0,-1,EPROM,读写,0,1
33,失控保护,1,0,-1,EPROM,读写,0,2
34,信号分辨率,1,2,-1,EPROM,读写,0,254
35,最大输入信号,2,2500,-1,EPROM,读写,0,2500
37,最小输入信号,2,500,-1,EPROM,读写,0,2500
39,逆时针信号宽度,2,1000,-1,EPROM,读写,0,1000
42,最小运行速度,1,0,-1,EPROM,读写,0,254
43,运行速度,1,0,-1,EPROM,读写,0,254
44,最低输入电压,1,0,-1,EPROM,读写,0,254
45,最高输入电压,1,0,-1,EPROM,读写,0,254
46,最高温度上限,1,0,-1,EPROM,读写,0,100
47,顺时针信号宽度,2,1000,-1,EPROM,读写,0,1000
49,保护时间,1,80,-1,EPROM,读写,0,254
50,扭矩开关,1,0,-1,SRAM,读写,0,254
52,锁标志,1,0,-1,SRAM,读写,0,254
53,运行模式,1,0,-1,SRAM,读写,0,254
54,舵机状态,1,0,-1,SRAM,只读,0,254
55,目标位置,2,0,-1,SRAM,读写,0,4095
59,当前位置,2,0,-1,SRAM,只读,-1,-1
61,当前速度,2,0,-1,SRAM,只读,-1,-1
63,当前负载,2,0,-1,SRAM,只读,-1,-1
67,当前温度,1,0,-1,SRAM,只读,-1,-1
68,当前电压,1,0,-1,SRAM,只读,-1,-1
NULL,NULL,NULL,NULL,NULL,NULL,NULL
[内存结束]

2.2版本
[内存]
34,0,255,255
0,舵机主版本号,1, ,-1,EPROM,只读,-1,-1
1,固件次版本号,1, ,-1,EPROM,只读,-1,-1
2,固件主版本号,1, ,-1,EPROM,只读,-1,-1
3,ID,1,1,-1,EPROM,读写,0,253
4,角度较正,2,0,-1,EPROM,读写,0,4095
6,采样时间,1,0,-1,EPROM,读写,0,254
7,加速度,1,0,-1,EPROM,读写,0,254
8,相位,1,0,-1,EPROM,读写,0,254
9,死区,1,5,-1,EPROM,读写,0,32
11,P 比例系数,1,32,-1,EPROM,读写,0,254
13,D 微分系数,1,0,-1,EPROM,读写,0,254
16,过载扭矩,1,80,-1,EPROM,读写,0,254
17,启动扭矩,2,0,-1,EPROM,读写,0,1023
19,最大扭矩,2,1000,-1,EPROM,读写,0,1023
21,运行模式,1,0,-1,EPROM,读写,0,1
24,最小角度限制,2,0,-1,EPROM,读写,0,4095
26,最大角度限制,2,4095,-1,EPROM,读写,0,4095
30,失控保护位置,2,2048,-1,EPROM,读写,0,4095
32,方向系数,1,0,-1,EPROM,读写,0,1
33,失控保护,1,0,-1,EPROM,读写,0,2
34,信号分辨率,1,2,-1,EPROM,读写,0,254
35,最大输入信号,2,2500,-1,EPROM,读写,0,2500
37,最小输入信号,2,500,-1,EPROM,读写,0,2500
39,逆时针信号宽度,2,1000,-1,EPROM,读写,0,1000
41,保护扭矩,1,40,-1,EPROM,读写,0,254
42,最小运行速度,1,0,-1,EPROM,读写,0,254
43,运行速度,1,0,-1,EPROM,读写,0,254
44,最低输入电压,1,0,-1,EPROM,读写,0,254
45,最高输入电压,1,0,-1,EPROM,读写,0,254
46,最高温度上限,1,0,-1,EPROM,读写,0,100
47,顺时针信号宽度,2,1000,-1,EPROM,读写,0,1000
49,保护时间,1,80,-1,EPROM,读写,0,254
50,扭矩开关,1,0,-1,SRAM,读写,0,254
52,锁标志,1,0,-1,SRAM,读写,0,254
53,运行模式,1,0,-1,SRAM,读写,0,254
54,舵机状态,1,0,-1,SRAM,只读,0,254
55,目标位置,2,0,-1,SRAM,读写,0,4095
59,当前位置,2,0,-1,SRAM,只读,-1,-1
61,当前速度,2,0,-1,SRAM,只读,-1,-1
63,当前负载,2,0,-1,SRAM,只读,-1,-1
67,当前温度,1,0,-1,SRAM,只读,-1,-1
68,当前电压,1,0,-1,SRAM,只读,-1,-1
NULL,NULL,NULL,NULL,NULL,NULL,NULL
[内存结束]


1.7版本
[内存]
23,0,255,255
0,舵机主版本号,1, ,-1,EPROM,只读,-1,-1
1,固件次版本号,1, ,-1,EPROM,只读,-1,-1
2,固件主版本号,1, ,-1,EPROM,只读,-1,-1
3,ID,1,1,-1,EPROM,读写,0,253
6,采样时间,1,0,-1,EPROM,读写,0,254
7,加速度,1,0,-1,EPROM,读写,0,254
9,死区,1,5,-1,EPROM,读写,0,32
11,P 比例系数,1,32,-1,EPROM,读写,0,254
13,D 微分系数,1,0,-1,EPROM,读写,0,254
16,过载扭矩,1,80,-1,EPROM,读写,0,254
17,启动扭矩,2,0,-1,EPROM,读写,0,1023
19,最大扭矩,2,1000,-1,EPROM,读写,0,1023
21,运行模式,1,0,-1,EPROM,读写,0,1
24,最小角度限制,2,0,-1,EPROM,读写,0,1023
26,最大角度限制,2,1023,-1,EPROM,读写,0,1023
30,失控保护位置,2,511,-1,EPROM,读写,0,1023
32,方向系数,1,0,-1,EPROM,读写,0,1
33,失控保护,1,0,-1,EPROM,读写,0,2
34,信号分辨率,1,2,-1,EPROM,读写,0,254
35,最大输入信号,2,2500,-1,EPROM,读写,0,2500
37,最小输入信号,2,500,-1,EPROM,读写,0,2500
39,逆时针信号宽度,2,1000,-1,EPROM,读写,0,1000
41,保护扭矩,1,40,-1,EPROM,读写,0,254
42,最小运行速度,1,0,-1,EPROM,读写,0,254
43,运行速度,1,0,-1,EPROM,读写,0,254
44,最低输入电压,1,0,-1,EPROM,读写,0,254
45,最高输入电压,1,0,-1,EPROM,读写,0,254
46,最高温度上限,1,0,-1,EPROM,读写,0,100
47,顺时针信号宽度,2,1000,-1,EPROM,读写,0,1000
50,扭矩开关,1,0,-1,SRAM,读写,0,254
52,锁标志,1,0,-1,SRAM,读写,0,254
53,运行模式,1,0,-1,SRAM,读写,0,254
55,目标位置,2,0,-1,SRAM,读写,0,1023
59,当前位置,2,0,-1,SRAM,只读,-1,-1
61,当前速度,2,0,-1,SRAM,只读,-1,-1
63,当前负载,2,0,-1,SRAM,只读,-1,-1
NULL,NULL,NULL,NULL,NULL,NULL,NULL
[内存结束]


1.8版本
[内存]
24,0,255,255
0,舵机主版本号,1, ,-1,EPROM,只读,-1,-1
1,固件次版本号,1, ,-1,EPROM,只读,-1,-1
2,固件主版本号,1, ,-1,EPROM,只读,-1,-1
3,ID,1,1,-1,EPROM,读写,0,253
6,采样时间,1,0,-1,EPROM,读写,0,254
7,加速度,1,0,-1,EPROM,读写,0,254
9,死区,1,5,-1,EPROM,读写,0,32
11,P 比例系数,1,32,-1,EPROM,读写,0,254
13,D 微分系数,1,0,-1,EPROM,读写,0,254
16,过载扭矩,1,80,-1,EPROM,读写,0,254
17,启动扭矩,2,0,-1,EPROM,读写,0,1000
19,最大扭矩,2,1000,-1,EPROM,读写,0,1000
21,运行模式,1,0,-1,EPROM,读写,0,1
24,最小角度限制,2,0,-1,EPROM,读写,0,1023
26,最大角度限制,2,1023,-1,EPROM,读写,0,1023
30,失控保护位置,2,511,-1,EPROM,读写,0,1023
32,方向系数,1,0,-1,EPROM,读写,0,1
33,失控保护,1,0,-1,EPROM,读写,0,2
34,信号分辨率,1,2,-1,EPROM,读写,0,254
35,最大输入信号,2,2500,-1,EPROM,读写,0,2500
37,最小输入信号,2,500,-1,EPROM,读写,0,2500
39,逆时针信号宽度,2,1000,-1,EPROM,读写,0,1000
41,保护扭矩,1,40,-1,EPROM,读写,0,254
43,运行速度,1,0,-1,EPROM,读写,0,254
44,最低输入电压,1,0,-1,EPROM,读写,0,254
45,最高输入电压,1,0,-1,EPROM,读写,0,254
46,最高温度上限,1,0,-1,EPROM,读写,0,100
47,顺时针信号宽度,2,1000,-1,EPROM,读写,0,1000
49,保护时间,1,80,-1,EPROM,读写,0,254
50,扭矩开关,1,0,-1,SRAM,读写,0,254
52,锁标志,1,0,-1,SRAM,读写,0,254
53,运行模式,1,0,-1,SRAM,读写,0,254
55,目标位置,2,0,-1,SRAM,读写,0,1023
59,当前位置,2,0,-1,SRAM,只读,-1,-1
61,当前速度,2,0,-1,SRAM,只读,-1,-1
63,当前负载,2,0,-1,SRAM,只读,-1,-1
NULL,NULL,NULL,NULL,NULL,NULL,NULL
[内存结束]


1.9版本
[内存]
25,0,59,255
100,舵机主版本号,1, ,-1,EPROM,只读,-1,-1
101,固件次版本号,1, ,-1,EPROM,只读,-1,-1
102,固件主版本号,1, ,-1,EPROM,只读,-1,-1
103,ID,1,1,-1,EPROM,读写,0,253
104,位置P,1,32,-1,EPROM,读写,0,254
105,位置I,1,0,-1,EPROM,读写,0,254
106,位置D,1,0,-1,EPROM,读写,0,254
107,采样时间,1,0,-1,EPROM,读写,0,254
108,加速度,1,0,-1,EPROM,读写,0,254
109,最大运行速度,1,0,-1,EPROM,读写,0,254
110,最小运行速度,1,0,-1,EPROM,读写,0,254
111,死区,1,5,-1,EPROM,读写,0,32
112,角度分辨率,1,1,-1,EPROM,读写,1,3
113,过载扭矩,1,80,-1,EPROM,读写,0,254
114,保护扭矩,1,40,-1,EPROM,读写,0,254
115,保护时间,1,80,-1,EPROM,读写,0,254
116,启动扭矩,2,0,-1,EPROM,读写,0,1000
118,最大扭矩,2,1000,-1,EPROM,读写,0,1000
120,运行模式,1,0,-1,EPROM,读写,0,254
121,最小角度限制,2,0,-1,EPROM,读写,0,32766
123,最大角度限制,2,1023,-1,EPROM,读写,0,32766
125,失控保护位置,2,511,-1,EPROM,读写,0,32766
127,失控保护,1,0,-1,EPROM,读写,0,3
128,相位,1,0,-1,EPROM,读写,0,254
129,信号分辨率,1,2,-1,EPROM,读写,0,254
130,最大输入信号,2,2500,-1,EPROM,读写,0,2500
132,最小输入信号,2,500,-1,EPROM,读写,0,2500
134,逆时针信号宽度,2,1000,-1,EPROM,读写,0,1000
136,顺时针信号宽度,2,1000,-1,EPROM,读写,0,1000
138,最低输入电压,1,0,-1,EPROM,读写,0,254
139,最高输入电压,1,0,-1,EPROM,读写,0,254
140,最高温度上限,1,0,-1,EPROM,读写,0,254
141,H桥死区时间,1,0,-1,EPROM,读写,0,254
142,信号微调,1,0,-2,EPROM,读写,-127,127
143,保护电流,1,0,-1,EPROM,读写,0,254
144,电机P,1,0,-1,EPROM,读写,0,254
145,电机加速度(x4),1,0,-1,EPROM,读写,0,254
146,电机信号死区,1,0,-1,EPROM,读写,0,254
147,电机启动扭矩,1,0,-1,EPROM,读写,0,254
148,过流保护时间,1,0,-1,EPROM,读写,0,254
149,闭环电机P,1,0,-1,EPROM,读写,0,254
150,闭环电机I,1,0,-1,EPROM,读写,0,254
151,闭环电机D,1,0,-1,EPROM,读写,0,254
152,闭环电机IMax,2,0,-1,EPROM,读写,0,65535
154,闭环电机测量时间,1,0,-1,EPROM,读写,0,254
155,闭环电机滤波值,1,0,-1,EPROM,读写,0,254
156,闭环电机启动扭矩,1,0,-1,EPROM,读写,0,254
157,目标调速系数,1,0,-1,EPROM,读写,0,254
158,闭环电机加速度,1,0,-1,EPROM,读写,0,254
159,闭环电机输入斜率,1,0,-1,EPROM,读写,0,254
160,扭矩开关,1,0,-1,SRAM,读写,0,254
161,锁标志,1,0,-1,SRAM,读写,0,254
162,目标位置,2,0,-1,SRAM,读写,0,1023
164,自动调整,1,0,-1,SRAM,读写,0,254
170,当前位置,2,0,-1,SRAM,只读,-1,-1
172,当前速度,2,0,-1,SRAM,只读,-1,-1
174,当前负载,2,0,-1,SRAM,只读,-1,-1
178,当前温度,1,0,-1,SRAM,只读,-1,-1
179,当前电压,1,0,-1,SRAM,只读,-1,-1
180,当前电流,2,0,-1,SRAM,只读,-1,-1
182,移动标志,1,0,-1,SRAM,只读,-1,-1
183,舵机状态,1,0,-1,SRAM,只读,-1,-1
0,舵机主版本号,1, ,-1,EPROM1,只读,-1,-1
1,固件次版本号,1, ,-1,EPROM1,只读,-1,-1
2,固件主版本号,1, ,-1,EPROM1,只读,-1,-1
3,ID,1,1,-1,EPROM1,只读,0,253
21,运行模式,1,0,-1,EPROM1,读写,0,254
24,最小角度限制,2,0,-1,EPROM1,只读,0,1023
26,最大角度限制,2,1023,-1,EPROM1,只读,0,1023
37,磁编码偏差值,2,0,-1,EPROM1,读写,-1,-1
39,逆时针信号宽度,2,1000,-1,EPROM1,读写,0,1000
47,顺时针信号宽度,2,1000,-1,EPROM1,读写,0,1000
49,最小输出DAC,1,0,-1,EPROM1,读写,0,254
50,最大输出DAC,2,1000,-1,EPROM1,读写,0,32767
52,锁标志,1,0,-1,SRAM1,读写,0,254
59,当前位置,2,0,-1,SRAM1,只读,-1,-1
NULL,NULL,NULL,NULL,NULL,NULL,NULL
[内存结束]


1.9-FSMC版本
[内存]
25,60,60,255
0,舵机主版本号,1, ,-1,EPROM,只读,-1,-1
1,固件次版本号,1, ,-1,EPROM,只读,-1,-1
2,固件主版本号,1, ,-1,EPROM,只读,-1,-1
3,ID,1,1,-1,EPROM,读写,0,253
4,模式0位置P,1,32,-1,EPROM,读写,0,254
5,模式0位置D,1,0,-1,EPROM,读写,0,254
6,采样时间,1,0,-1,EPROM,读写,0,254
7,加速度,1,0,-1,EPROM,读写,0,254
8,模式0最大速度,1,0,-1,EPROM,读写,0,254
9,最小运行速度,1,0,-1,EPROM,读写,0,254
10,死区,1,5,-1,EPROM,读写,0,32
11,过载扭矩,1,80,-1,EPROM,读写,0,254
12,保护扭矩,1,40,-1,EPROM,读写,0,254
13,保护时间,1,80,-1,EPROM,读写,0,254
14,启动扭矩,2,0,-1,EPROM,读写,0,1000
16,最大扭矩,2,1000,-1,EPROM,读写,0,1000
18,运行模式,1,0,-1,EPROM,读写,0,254
19,最小角度限制,2,0,-1,EPROM,读写,0,32766
21,最大角度限制,2,1023,-1,EPROM,读写,0,32766
23,失控保护位置,2,511,-1,EPROM,读写,0,32766
25,失控保护,1,0,-1,EPROM,读写,0,2
26,相位,1,0,-1,EPROM,读写,0,254
27,信号分辨率,1,2,-1,EPROM,读写,0,254
28,最大输入信号,2,2500,-1,EPROM,读写,0,2500
30,最小输入信号,2,500,-1,EPROM,读写,0,2500
32,逆时针信号宽度,2,1000,-1,EPROM,读写,0,1000
34,顺时针信号宽度,2,1000,-1,EPROM,读写,0,1000
36,最低输入电压,1,0,-1,EPROM,读写,0,254
37,最高输入电压,1,0,-1,EPROM,读写,0,254
38,模式切换时间,1,0,-1,EPROM,读写,0,254
39,H桥死区时间,1,0,-1,EPROM,读写,0,254
40,信号微调,1,0,-2,EPROM,读写,-127,127
41,时间x1,2,0,-1,EPROM,读写,0,65535
43,时间x2,2,0,-1,EPROM,读写,0,65535
45,时间x3,2,0,-1,EPROM,读写,0,65535
47,时间x4,2,0,-1,EPROM,读写,0,65535
49,时间x5,2,0,-1,EPROM,读写,0,65535
51,时间y1,2,0,-1,EPROM,读写,0,65535
53,位置p1,2,0,-1,EPROM,读写,0,65535
55,位置p2,2,0,-1,EPROM,读写,0,65535
57,位置p3,2,0,-1,EPROM,读写,0,65535
59,模式1最大速度,1,0,-1,EPROM,读写,0,254
60,扭矩开关,1,0,-1,SRAM,读写,0,254
61,锁标志,1,0,-1,SRAM,读写,0,254
62,目标位置,2,0,-1,SRAM,读写,0,1023
64,自动调整,1,0,-1,SRAM,读写,0,254
65,按键时间,2,0,-1,SRAM,读写,0,1023
70,当前位置,2,0,-1,SRAM,只读,-1,-1
72,当前速度,2,0,-1,SRAM,只读,-1,-1
74,当前负载,2,0,-1,SRAM,只读,-1,-1
79,当前电压,1,0,-1,SRAM,只读,-1,-1
82,移动标志,1,0,-1,SRAM,只读,-1,-1
83,舵机状态,1,0,-1,SRAM,只读,-1,-1
84,模式1位置P,1,32,-1,EPROM1,读写,0,254
85,模式1位置D,1,0,-1,EPROM1,读写,0,254
86,停止位置时间,1,0,-1,EPROM1,读写,0,254
NULL,NULL,NULL,NULL,NULL,NULL,NULL
[内存结束]


3.0版本
[内存]
48,0,19,255
0,舵机主版本号,1, ,-1,EPROM,只读,-1,-1
1,固件次版本号,1, ,-1,EPROM,只读,-1,-1
2,固件主版本号,1, ,-1,EPROM,只读,-1,-1
3,ID,1,1,-1,EPROM,读写,0,253
4,电位器P,1,32,-1,EPROM,读写,0,254
5,电机加速度(x4),1,0,-1,EPROM,读写,0,254
6,电位器D,1,0,-1,EPROM,读写,0,254
7,采样时间,1,0,-1,EPROM,读写,0,254
8,电位器加速度,1,0,-1,EPROM,读写,0,254
9,电位器最高速度,1,0,-1,EPROM,读写,0,254
10,电位器最小速度,1,0,-1,EPROM,读写,0,254
11,死区,1,5,-1,EPROM,读写,0,32
12,电机P,1,0,-1,EPROM,读写,0,254
13,过载扭矩,1,80,-1,EPROM,读写,0,254
14,保护扭矩,1,40,-1,EPROM,读写,0,254
15,保护时间,1,80,-1,EPROM,读写,0,254
16,启动扭矩,2,0,-1,EPROM,读写,0,1000
18,最大扭矩,2,1000,-1,EPROM,读写,0,1000
20,运行模式,1,0,-1,EPROM,读写,0,254
21,最小角度限制,2,0,-1,EPROM,读写,0,4000
23,最大角度限制,2,1023,-1,EPROM,读写,0,4000
25,失控保护位置,2,511,-1,EPROM,读写,0,1023
27,失控保护,1,0,-1,EPROM,读写,0,2
28,相位,1,0,-1,EPROM,读写,0,254
29,信号分辨率,1,2,-1,EPROM,读写,0,254
30,最大输入信号,2,2500,-1,EPROM,读写,0,2500
32,最小输入信号,2,500,-1,EPROM,读写,0,2500
34,逆时针信号宽度,2,1000,-1,EPROM,读写,0,1000
36,顺时针信号宽度,2,1000,-1,EPROM,读写,0,1000
38,最低输入电压,1,0,-1,EPROM,读写,0,254
39,最高输入电压,1,0,-1,EPROM,读写,0,254
40,最高温度上限,1,0,-1,EPROM,读写,0,100
41,最大电流,1,0,-1,EPROM,读写,0,254
42,信号微调,1,0,-1,EPROM,读写,0,254
43,电机信号死区,1,0,-1,EPROM,读写,0,254
44,第二区间系数P,1,0,-1,EPROM,读写,0,254
46,第二区间误差,1,0,-1,EPROM,读写,0,254
60,扭矩开关,1,0,-1,SRAM,读写,0,254
61,锁标志,1,0,-1,SRAM,读写,0,254
62,目标位置,2,0,-1,SRAM,读写,-37367,32767
64,自动调整,1,0,-1,SRAM,读写,0,254
70,当前位置,2,0,-1,SRAM,只读,-1,-1
72,当前速度,2,0,-1,SRAM,只读,-1,-1
74,当前负载,2,0,-1,SRAM,只读,-1,-1
78,当前温度,1,0,-1,SRAM,只读,-1,-1
79,当前电压,1,0,-1,SRAM,只读,-1,-1
80,当前电流,2,0,-1,SRAM,只读,-1,-1
82,移动标志,1,0,-1,SRAM,只读,-1,-1
83,舵机状态,1,0,-1,SRAM,只读,-1,-1
NULL,NULL,NULL,NULL,NULL,NULL,NULL
[内存结束]

